<?xml version="1.0" encoding="UTF-8"?>
<!-- Generated by org.testng.reporters.JUnitReportReporter -->
<testsuite hostname="DESKTOP-NCKGJI9" failures="0" tests="4" name="CucumberOptions.TestNGRunner" time="0.255" errors="0" timestamp="2023-10-08T20:24:00 IST" skipped="0">
  <testcase classname="CucumberOptions.TestNGRunner" name="runScenario" time="0.015"/>
  <system-out/>
  <testcase classname="CucumberOptions.TestNGRunner" name="runScenario" time="0.206"/>
  <system-out/>
  <testcase classname="CucumberOptions.TestNGRunner" name="runScenario" time="0.014"/>
  <system-out/>
  <testcase classname="CucumberOptions.TestNGRunner" name="runScenario" time="0.020"/>
  <system-out/>
</testsuite> <!-- CucumberOptions.TestNGRunner -->
