<?xml version="1.0" encoding="UTF-8"?>
<!-- Generated by org.testng.reporters.JUnitReportReporter -->
<testsuite hostname="DESKTOP-NCKGJI9" failures="0" tests="1" name="CucumberOptions.TestNGRunner" time="0.218" errors="0" timestamp="2023-10-05T00:10:17 IST" skipped="0">
  <testcase classname="CucumberOptions.TestNGRunner" name="runScenario" time="0.218"/>
  <system-out/>
</testsuite> <!-- CucumberOptions.TestNGRunner -->
