<?xml version="1.0" encoding="UTF-8"?>
<!-- Generated by org.testng.reporters.JUnitReportReporter -->
<testsuite hostname="DESKTOP-NCKGJI9" failures="0" tests="1" name="test.Demo" time="0.020" errors="0" timestamp="2023-03-26T18:55:09 IST" skipped="0">
  <testcase classname="test.Demo" name="m1" time="0.020"/>
  <system-out>
    <![CDATA[Hi]]>
  </system-out>
</testsuite> <!-- test.Demo -->
