<?xml version="1.0" encoding="UTF-8"?>
<!-- Generated by org.testng.reporters.JUnitReportReporter -->
<testsuite hostname="DESKTOP-NCKGJI9" failures="0" tests="5" name="test.CarLoan" time="0.135" errors="0" timestamp="2023-04-01T17:41:03 IST" skipped="0">
  <testcase classname="test.CarLoan" name="APILoginCarLoan" time="0.021"/>
  <system-out>
    <![CDATA[API_Car]]>
  </system-out>
  <testcase classname="test.CarLoan" name="WebLoginCarLoan" time="0.064"/>
  <system-out>
    <![CDATA[Web_Car]]>
  </system-out>
  <testcase classname="test.CarLoan" name="CarDhekhoLogin" time="0.031"/>
  <system-out>
    <![CDATA[firstusername
fisrtpassword]]>
  </system-out>
  <testcase classname="test.CarLoan" name="CarDhekhoLogin" time="0.004"/>
  <system-out>
    <![CDATA[secondusername
secondpassword]]>
  </system-out>
  <testcase classname="test.CarLoan" name="CarDhekhoLogin" time="0.015"/>
  <system-out>
    <![CDATA[thirdusername
thirdpassword]]>
  </system-out>
</testsuite> <!-- test.CarLoan -->
