<?xml version="1.0" encoding="UTF-8"?>
<!-- Generated by org.testng.reporters.JUnitReportReporter -->
<testsuite hostname="DESKTOP-NCKGJI9" failures="0" tests="1" name="test.Remo" time="0.023" errors="0" timestamp="2023-04-01T17:41:03 IST" skipped="0">
  <testcase classname="test.Remo" name="m2" time="0.023"/>
  <system-out>
    <![CDATA[Remo]]>
  </system-out>
</testsuite> <!-- test.Remo -->
