<?xml version="1.0" encoding="UTF-8"?>
<!-- Generated by org.testng.reporters.JUnitReportReporter -->
<testsuite hostname="DESKTOP-NCKGJI9" failures="0" tests="3" name="test.HomeLoan" time="0.026" errors="0" timestamp="2023-04-01T17:41:03 IST" skipped="1">
  <testcase classname="test.HomeLoan" name="WebLoginHomeLoan" time="0.005"/>
  <system-out>
    <![CDATA[qaacademy.com]]>
  </system-out>
  <testcase classname="test.HomeLoan" name="WebLoginHomeLoan" time="0.021"/>
  <system-out>
    <![CDATA[Web_Home]]>
  </system-out>
  <testcase classname="test.HomeLoan" name="APILoginHomeLoan">
    <skipped/>
  </testcase> <!-- APILoginHomeLoan -->
  <system-out/>
</testsuite> <!-- test.HomeLoan -->
