<?xml version="1.0" encoding="UTF-8"?>
<!-- Generated by org.testng.reporters.JUnitReportReporter -->
<testsuite hostname="DESKTOP-NCKGJI9" failures="0" tests="6" name="test.CarLoan" time="0.096" errors="0" timestamp="2023-03-29T23:19:25 IST" skipped="0">
  <testcase classname="test.CarLoan" name="MobileLoginCarLoan" time="0.005"/>
  <system-out>
    <![CDATA[Mobile_Car]]>
  </system-out>
  <testcase classname="test.CarLoan" name="CarDhekhoLogin" time="0.004"/>
  <system-out>
    <![CDATA[thirdusername
thirdpassword]]>
  </system-out>
  <testcase classname="test.CarLoan" name="WebLoginCarLoan" time="0.032"/>
  <system-out>
    <![CDATA[Web_Car]]>
  </system-out>
  <testcase classname="test.CarLoan" name="CarDhekhoLogin" time="0.012"/>
  <system-out>
    <![CDATA[secondusername
secondpassword]]>
  </system-out>
  <testcase classname="test.CarLoan" name="CarDhekhoLogin" time="0.010"/>
  <system-out>
    <![CDATA[firstusername
fisrtpassword]]>
  </system-out>
  <testcase classname="test.CarLoan" name="APILoginCarLoan" time="0.033"/>
  <system-out>
    <![CDATA[API_Car]]>
  </system-out>
</testsuite> <!-- test.CarLoan -->
