<?xml version="1.0" encoding="UTF-8"?>
<!-- Generated by org.testng.reporters.JUnitReportReporter -->
<testsuite hostname="DESKTOP-NCKGJI9" failures="0" tests="2" name="test.Demo" time="0.037" errors="0" timestamp="2023-03-29T23:12:31 IST" skipped="0">
  <testcase classname="test.Demo" name="m1" time="0.019"/>
  <system-out>
    <![CDATA[Hi]]>
  </system-out>
  <testcase classname="test.Demo" name="m2" time="0.018"/>
  <system-out>
    <![CDATA[Hello]]>
  </system-out>
</testsuite> <!-- test.Demo -->
