<?xml version="1.0" encoding="UTF-8"?>
<!-- Generated by org.testng.reporters.JUnitReportReporter -->
<testsuite hostname="DESKTOP-NCKGJI9" failures="0" tests="2" name="test.CarLoan" time="0.008" errors="0" timestamp="2023-03-26T18:55:09 IST" skipped="0">
  <testcase classname="test.CarLoan" name="WebLoginCarLoan" time="0.004"/>
  <system-out>
    <![CDATA[Web_Car]]>
  </system-out>
  <testcase classname="test.CarLoan" name="APILoginCarLoan" time="0.004"/>
  <system-out>
    <![CDATA[API_Car]]>
  </system-out>
</testsuite> <!-- test.CarLoan -->
